{
  "RSpec": {
    "coverage": {
      "/Users/user/Projects/makersbnb/spec/features/checking_existing_users_spec.rb": {
        "lines": [
          1,
          1,
          1,
          1,
          1,
          1,
          1,
          1,
          null,
          1,
          1,
          1,
          1,
          null,
          1,
          null,
          null,
          null
        ]
      },
      "/Users/user/Projects/makersbnb/spec/features/sign_up_spec.rb": {
        "lines": [
          null,
          null,
          1,
          1,
          1,
          1,
          1,
          1,
          1,
          1,
          null,
          null
        ]
      },
      "/Users/user/Projects/makersbnb/spec/features_one/new_listing_spec.rb": {
        "lines": [
          1,
          1,
          null,
          1,
          1,
          null,
          1,
          1,
          1,
          1,
          null,
          1,
          null,
          1,
          null,
          null
        ]
      },
      "/Users/user/Projects/makersbnb/spec/features_one/show_listing_spec.rb": {
        "lines": [
          1,
          1,
          1,
          1,
          1,
          1,
          null,
          1,
          1,
          1,
          null,
          null
        ]
      },
      "/Users/user/Projects/makersbnb/spec/space_spec.rb": {
        "lines": [
          1,
          null,
          1,
          1,
          1,
          1,
          null,
          null,
          null,
          1,
          1,
          1,
          1,
          1,
          null,
          1,
          1,
          1,
          null,
          null,
          null
        ]
      },
      "/Users/user/Projects/makersbnb/spec/spec_spec_spec.rb": {
        "lines": [
          1,
          null,
          1,
          8,
          null,
          null,
          8,
          8,
          8,
          8,
          null
        ]
      },
      "/Users/user/Projects/makersbnb/spec/user_spec.rb": {
        "lines": [
          1,
          1,
          null,
          1,
          null,
          1,
          1,
          null,
          1,
          1,
          1,
          1,
          null,
          null,
          null,
          1,
          1,
          null,
          1,
          0,
          null,
          null
        ]
      }
    },
    "timestamp": 1609860631
  }
}
